<?xml version="1.0" encoding="utf-8"?><testsuites name="pytest tests"><testsuite name="pytest" errors="0" failures="0" skipped="0" tests="7" time="1.176" timestamp="2026-05-29T00:12:57.323344+00:00" hostname="agent-env-ee451109-55dd-44f7-b0c6-9c7098723e39"><testcase classname="backend.tests.backend_test" name="test_api_root" time="0.213" /><testcase classname="backend.tests.backend_test" name="test_create_quote_valid" time="0.148" /><testcase classname="backend.tests.backend_test" name="test_create_quote_missing_name" time="0.112" /><testcase classname="backend.tests.backend_test" name="test_create_quote_missing_phone" time="0.107" /><testcase classname="backend.tests.backend_test" name="test_create_quote_missing_vehicle" time="0.138" /><testcase classname="backend.tests.backend_test" name="test_create_quote_invalid_phone" time="0.108" /><testcase classname="backend.tests.backend_test" name="test_list_quotes" time="0.144" /></testsuite></testsuites>